<?xml version="1.0" encoding="UTF-8" ?>
<testsuite errors="2" failures="1" hostname="LCANB823" name="mytwitter.UserControllerSpec" tests="7" time="0.489" timestamp="2014-06-25T13:11:24">
  <properties />
  <testcase classname="mytwitter.UserControllerSpec" name="Test the index action returns the correct model" time="0.226" />
  <testcase classname="mytwitter.UserControllerSpec" name="Test the create action returns the correct model" time="0.026" />
  <testcase classname="mytwitter.UserControllerSpec" name="Test the save action correctly persists an instance" time="0.07">
    <error message="Cannot redirect for object [null] it is not a domain or has no identifier. Use an explicit redirect instead " type="org.codehaus.groovy.grails.web.servlet.mvc.exceptions.CannotRedirectException">org.codehaus.groovy.grails.web.servlet.mvc.exceptions.CannotRedirectException: Cannot redirect for object [null] it is not a domain or has no identifier. Use an explicit redirect instead 
	at mytwitter.UserController.tt__save_closure9_closure14(UserController.groovy:43)
	at mytwitter.UserController.$tt__save(UserController.groovy:40)
	at mytwitter.UserControllerSpec.Test the save action correctly persists an instance(UserControllerSpec.groovy:54)
</error>
  </testcase>
  <testcase classname="mytwitter.UserControllerSpec" name="Test that the show action returns the correct model" time="0.033" />
  <testcase classname="mytwitter.UserControllerSpec" name="Test that the edit action returns the correct model" time="0.032" />
  <testcase classname="mytwitter.UserControllerSpec" name="Test the update action performs an update on a valid domain instance" time="0.053">
    <error message="Cannot get property &apos;id&apos; on null object" type="java.lang.NullPointerException">java.lang.NullPointerException: Cannot get property &apos;id&apos; on null object
	at mytwitter.UserControllerSpec.Test the update action performs an update on a valid domain instance(UserControllerSpec.groovy:122)
</error>
  </testcase>
  <testcase classname="mytwitter.UserControllerSpec" name="Test that the delete action deletes an instance if it exists" time="0.034">
    <failure message="Condition not satisfied:&#xa;&#xa;User.count() == 1&#xa;     |       |&#xa;     0       false&#xa;" type="junit.framework.AssertionFailedError">junit.framework.AssertionFailedError: Condition not satisfied:

User.count() == 1
     |       |
     0       false

	at mytwitter.UserControllerSpec.Test that the delete action deletes an instance if it exists(UserControllerSpec.groovy:142)
</failure>
  </testcase>
  <system-out><![CDATA[--Output from Test the index action returns the correct model--
--Output from Test the create action returns the correct model--
--Output from Test the save action correctly persists an instance--
--Output from Test that the show action returns the correct model--
--Output from Test that the edit action returns the correct model--
--Output from Test the update action performs an update on a valid domain instance--
--Output from Test that the delete action deletes an instance if it exists--
]]></system-out>
  <system-err><![CDATA[--Output from Test the index action returns the correct model--
--Output from Test the create action returns the correct model--
--Output from Test the save action correctly persists an instance--
--Output from Test that the show action returns the correct model--
--Output from Test that the edit action returns the correct model--
--Output from Test the update action performs an update on a valid domain instance--
--Output from Test that the delete action deletes an instance if it exists--
]]></system-err>
</testsuite>
