<?xml version="1.0" encoding="UTF-8" ?>
<testsuite errors="0" failures="0" hostname="LCANB823" name="mytwitter.TweetSpec" tests="1" time="0.09" timestamp="2014-06-25T13:11:24">
  <properties />
  <testcase classname="mytwitter.TweetSpec" name="test something" time="0.081" />
  <system-out><![CDATA[--Output from test something--
]]></system-out>
  <system-err><![CDATA[--Output from test something--
]]></system-err>
</testsuite>
